<?xml version="1.0" encoding="UTF-8"?>
<!-- Generated by org.testng.reporters.JUnitReportReporter -->
<testsuite hostname="DESKTOP-O2H4E8L" failures="0" tests="1" name="testPackage.ActiTimeCreateUser" time="23.469" errors="0" timestamp="2023-01-28T13:47:22 IST" skipped="0">
  <testcase classname="testPackage.ActiTimeCreateUser" name="CreateUser" time="23.469"/>
  <system-out/>
</testsuite> <!-- testPackage.ActiTimeCreateUser -->
