<?xml version="1.0" encoding="UTF-8"?>
<!-- Generated by org.testng.reporters.JUnitReportReporter -->
<testsuite hostname="DESKTOP-O2H4E8L" failures="0" tests="1" name="testPackage.OrangeHRMValidLogin" time="21.393" errors="0" timestamp="2023-02-04T16:22:18 IST" skipped="0">
  <testcase classname="testPackage.OrangeHRMValidLogin" name="login" time="21.393"/>
  <system-out/>
</testsuite> <!-- testPackage.OrangeHRMValidLogin -->
