<?xml version="1.0" encoding="UTF-8"?>
<!-- Generated by org.testng.reporters.JUnitReportReporter -->
<testsuite hostname="DESKTOP-O2H4E8L" failures="0" tests="1" name="testPackage.ActiTimeInvalidLogin" time="56.637" errors="0" timestamp="2023-01-27T10:23:45 IST" skipped="0">
  <testcase classname="testPackage.ActiTimeInvalidLogin" name="InvalidLogin" time="56.637"/>
  <system-out/>
</testsuite> <!-- testPackage.ActiTimeInvalidLogin -->
